2022-12-19 16:01:05.032 [main] INFO  App - ===== Netty Client Test =====
2022-12-19 16:01:05.044 [main] DEBUG io.netty.util.internal.logging.InternalLoggerFactory - Using Log4J2 as the default logging framework
2022-12-19 16:01:05.050 [main] DEBUG io.netty.channel.MultithreadEventLoopGroup - -Dio.netty.eventLoopThreads: 16
2022-12-19 16:01:05.060 [main] DEBUG io.netty.util.internal.InternalThreadLocalMap - -Dio.netty.threadLocalMap.stringBuilder.initialSize: 1024
2022-12-19 16:01:05.061 [main] DEBUG io.netty.util.internal.InternalThreadLocalMap - -Dio.netty.threadLocalMap.stringBuilder.maxSize: 4096
2022-12-19 16:01:05.079 [main] DEBUG io.netty.util.internal.PlatformDependent0 - -Dio.netty.noUnsafe: false
2022-12-19 16:01:05.079 [main] DEBUG io.netty.util.internal.PlatformDependent0 - Java version: 8
2022-12-19 16:01:05.080 [main] DEBUG io.netty.util.internal.PlatformDependent0 - sun.misc.Unsafe.theUnsafe: available
2022-12-19 16:01:05.081 [main] DEBUG io.netty.util.internal.PlatformDependent0 - sun.misc.Unsafe.copyMemory: available
2022-12-19 16:01:05.081 [main] DEBUG io.netty.util.internal.PlatformDependent0 - sun.misc.Unsafe.storeFence: available
2022-12-19 16:01:05.082 [main] DEBUG io.netty.util.internal.PlatformDependent0 - java.nio.Buffer.address: available
2022-12-19 16:01:05.082 [main] DEBUG io.netty.util.internal.PlatformDependent0 - direct buffer constructor: available
2022-12-19 16:01:05.082 [main] DEBUG io.netty.util.internal.PlatformDependent0 - java.nio.Bits.unaligned: available, true
2022-12-19 16:01:05.083 [main] DEBUG io.netty.util.internal.PlatformDependent0 - jdk.internal.misc.Unsafe.allocateUninitializedArray(int): unavailable prior to Java9
2022-12-19 16:01:05.083 [main] DEBUG io.netty.util.internal.PlatformDependent0 - java.nio.DirectByteBuffer.<init>(long, int): available
2022-12-19 16:01:05.083 [main] DEBUG io.netty.util.internal.PlatformDependent - sun.misc.Unsafe: available
2022-12-19 16:01:05.083 [main] DEBUG io.netty.util.internal.PlatformDependent - -Dio.netty.tmpdir: C:\Users\user\AppData\Local\Temp (java.io.tmpdir)
2022-12-19 16:01:05.083 [main] DEBUG io.netty.util.internal.PlatformDependent - -Dio.netty.bitMode: 64 (sun.arch.data.model)
2022-12-19 16:01:05.084 [main] DEBUG io.netty.util.internal.PlatformDependent - Platform: Windows
2022-12-19 16:01:05.084 [main] DEBUG io.netty.util.internal.PlatformDependent - -Dio.netty.maxDirectMemory: 3771203584 bytes
2022-12-19 16:01:05.084 [main] DEBUG io.netty.util.internal.PlatformDependent - -Dio.netty.uninitializedArrayAllocationThreshold: -1
2022-12-19 16:01:05.085 [main] DEBUG io.netty.util.internal.CleanerJava6 - java.nio.ByteBuffer.cleaner(): available
2022-12-19 16:01:05.085 [main] DEBUG io.netty.util.internal.PlatformDependent - -Dio.netty.noPreferDirect: false
2022-12-19 16:01:05.085 [main] DEBUG io.netty.channel.nio.NioEventLoop - -Dio.netty.noKeySetOptimization: false
2022-12-19 16:01:05.085 [main] DEBUG io.netty.channel.nio.NioEventLoop - -Dio.netty.selectorAutoRebuildThreshold: 512
2022-12-19 16:01:05.096 [main] DEBUG io.netty.util.internal.PlatformDependent - org.jctools-core.MpscChunkedArrayQueue: available
2022-12-19 16:01:05.379 [main] DEBUG io.netty.channel.DefaultChannelId - -Dio.netty.processId: 16784 (auto-detected)
2022-12-19 16:01:05.380 [main] DEBUG io.netty.util.NetUtil - -Djava.net.preferIPv4Stack: false
2022-12-19 16:01:05.380 [main] DEBUG io.netty.util.NetUtil - -Djava.net.preferIPv6Addresses: false
2022-12-19 16:01:05.622 [main] DEBUG io.netty.util.NetUtilInitializations - Loopback interface: lo (Software Loopback Interface 1, 127.0.0.1)
2022-12-19 16:01:05.622 [main] DEBUG io.netty.util.NetUtil - Failed to get SOMAXCONN from sysctl and file \proc\sys\net\core\somaxconn. Default: 200
2022-12-19 16:01:05.870 [main] DEBUG io.netty.channel.DefaultChannelId - -Dio.netty.machineId: c0:18:50:ff:fe:33:72:4b (auto-detected)
2022-12-19 16:01:05.878 [main] DEBUG io.netty.util.ResourceLeakDetector - -Dio.netty.leakDetection.level: simple
2022-12-19 16:01:05.878 [main] DEBUG io.netty.util.ResourceLeakDetector - -Dio.netty.leakDetection.targetRecords: 4
2022-12-19 16:01:05.894 [main] DEBUG io.netty.buffer.PooledByteBufAllocator - -Dio.netty.allocator.numHeapArenas: 16
2022-12-19 16:01:05.894 [main] DEBUG io.netty.buffer.PooledByteBufAllocator - -Dio.netty.allocator.numDirectArenas: 16
2022-12-19 16:01:05.894 [main] DEBUG io.netty.buffer.PooledByteBufAllocator - -Dio.netty.allocator.pageSize: 8192
2022-12-19 16:01:05.894 [main] DEBUG io.netty.buffer.PooledByteBufAllocator - -Dio.netty.allocator.maxOrder: 9
2022-12-19 16:01:05.894 [main] DEBUG io.netty.buffer.PooledByteBufAllocator - -Dio.netty.allocator.chunkSize: 4194304
2022-12-19 16:01:05.894 [main] DEBUG io.netty.buffer.PooledByteBufAllocator - -Dio.netty.allocator.smallCacheSize: 256
2022-12-19 16:01:05.894 [main] DEBUG io.netty.buffer.PooledByteBufAllocator - -Dio.netty.allocator.normalCacheSize: 64
2022-12-19 16:01:05.894 [main] DEBUG io.netty.buffer.PooledByteBufAllocator - -Dio.netty.allocator.maxCachedBufferCapacity: 32768
2022-12-19 16:01:05.894 [main] DEBUG io.netty.buffer.PooledByteBufAllocator - -Dio.netty.allocator.cacheTrimInterval: 8192
2022-12-19 16:01:05.894 [main] DEBUG io.netty.buffer.PooledByteBufAllocator - -Dio.netty.allocator.cacheTrimIntervalMillis: 0
2022-12-19 16:01:05.895 [main] DEBUG io.netty.buffer.PooledByteBufAllocator - -Dio.netty.allocator.useCacheForAllThreads: false
2022-12-19 16:01:05.895 [main] DEBUG io.netty.buffer.PooledByteBufAllocator - -Dio.netty.allocator.maxCachedByteBuffersPerChunk: 1023
2022-12-19 16:01:05.902 [main] DEBUG io.netty.buffer.ByteBufUtil - -Dio.netty.allocator.type: pooled
2022-12-19 16:01:05.902 [main] DEBUG io.netty.buffer.ByteBufUtil - -Dio.netty.threadLocalDirectBufferSize: 0
2022-12-19 16:01:05.902 [main] DEBUG io.netty.buffer.ByteBufUtil - -Dio.netty.maxThreadLocalCharBufferSize: 16384
2022-12-19 16:01:05.913 [nioEventLoopGroup-2-1] INFO  NettyClientHandler - 채널 등록
2022-12-19 16:01:05.915 [nioEventLoopGroup-2-1] INFO  NettyClient - 연결 성공
2022-12-19 16:01:05.915 [nioEventLoopGroup-2-1] INFO  NettyClient - /127.0.0.1:15510connect()
2022-12-19 16:01:05.915 [nioEventLoopGroup-2-1] INFO  NettyClientHandler - 채널이 메시지 발송할 준비가 됨.
2022-12-19 16:01:05.921 [nioEventLoopGroup-2-1] DEBUG io.netty.buffer.AbstractByteBuf - -Dio.netty.buffer.checkAccessible: true
2022-12-19 16:01:05.921 [nioEventLoopGroup-2-1] DEBUG io.netty.buffer.AbstractByteBuf - -Dio.netty.buffer.checkBounds: true
2022-12-19 16:01:05.922 [nioEventLoopGroup-2-1] DEBUG io.netty.util.ResourceLeakDetectorFactory - Loaded default ResourceLeakDetector: io.netty.util.ResourceLeakDetector@161c6cd1
2022-12-19 16:01:05.925 [nioEventLoopGroup-2-1] DEBUG io.netty.util.Recycler - -Dio.netty.recycler.maxCapacityPerThread: 4096
2022-12-19 16:01:05.925 [nioEventLoopGroup-2-1] DEBUG io.netty.util.Recycler - -Dio.netty.recycler.ratio: 8
2022-12-19 16:01:05.925 [nioEventLoopGroup-2-1] DEBUG io.netty.util.Recycler - -Dio.netty.recycler.chunkSize: 32
2022-12-19 16:01:05.925 [nioEventLoopGroup-2-1] DEBUG io.netty.util.Recycler - -Dio.netty.recycler.blocking: false
2022-12-19 16:01:05.932 [nioEventLoopGroup-2-1] INFO  NettyClientHandler - 발송 메시지 > hello world

